<?xml version="1.0" encoding="UTF-8"?>
<!-- Generated by org.testng.reporters.JUnitXMLReporter -->
<testsuite ignored="1" hostname="LAPTOP-MBB97ED5" failures="0" tests="1" name="Error Validation Test" time="7.918" errors="0" timestamp="2023-05-04T23:11:10 EDT">
  <testcase classname="com.section20.Test.ErrorValidationsTest" name="logInErrorValidation" time="1.014"/>
  <testcase classname="com.section20.Test.ErrorValidationsTest" name="productErrorValidation" time="0.0">
    <ignored/>
  </testcase> <!-- productErrorValidation -->
</testsuite> <!-- Error Validation Test -->
