<?xml version="1.0" encoding="UTF-8"?>
<!-- Generated by org.testng.reporters.JUnitXMLReporter -->
<testsuite ignored="2" hostname="LAPTOP-MBB97ED5" failures="0" tests="0" time="0.005" errors="0" timestamp="2023-05-04T23:11:02 EDT">
  <testcase classname="com.section20.Test.SubmitOrderTest1" name="submitOrder" time="0.0">
    <ignored/>
  </testcase> <!-- submitOrder -->
  <testcase classname="com.section20.Test.SubmitOrderTest1" name="orderHistoryTest" time="0.0">
    <ignored/>
  </testcase> <!-- orderHistoryTest -->
</testsuite>
