<?xml version="1.0" encoding="UTF-8"?>
<testng-results ignored="0" total="6" passed="5" failed="1" skipped="0">
  <reporter-output>
  </reporter-output>
  <suite started-at="2023-05-11T18:19:50 EDT" name="Suite" finished-at="2023-05-11T18:21:22 EDT" duration-ms="92562">
    <groups>
      <group name="Purchase">
        <method signature="SubmitOrderTest1.submitOrder(java.util.HashMap)[pri:0, instance:com.section23.Test.SubmitOrderTest1@8576fa0]" name="submitOrder" class="com.section23.Test.SubmitOrderTest1"/>
      </group> <!-- Purchase -->
      <group name="ErrorHandling">
        <method signature="ErrorValidationsTest.logInErrorValidation()[pri:0, instance:com.section23.Test.ErrorValidationsTest@4f0100a7]" name="logInErrorValidation" class="com.section23.Test.ErrorValidationsTest"/>
      </group> <!-- ErrorHandling -->
    </groups>
    <test started-at="2023-05-11T18:19:50 EDT" name="Test" finished-at="2023-05-11T18:21:22 EDT" duration-ms="92562">
      <class name="com.section23.Test.ErrorValidationsTest">
        <test-method is-config="true" signature="launchApplication()[pri:0, instance:com.section23.Test.ErrorValidationsTest@4f0100a7]" started-at="2023-05-11T18:21:08 EDT" name="launchApplication" finished-at="2023-05-11T18:21:13 EDT" duration-ms="5337" status="PASS">
          <reporter-output>
          </reporter-output>
        </test-method> <!-- launchApplication -->
        <test-method signature="logInErrorValidation()[pri:0, instance:com.section23.Test.ErrorValidationsTest@4f0100a7]" started-at="2023-05-11T18:21:13 EDT" name="logInErrorValidation" finished-at="2023-05-11T18:21:14 EDT" duration-ms="1029" status="PASS">
          <reporter-output>
          </reporter-output>
        </test-method> <!-- logInErrorValidation -->
        <test-method is-config="true" signature="tearDown()[pri:0, instance:com.section23.Test.ErrorValidationsTest@4f0100a7]" started-at="2023-05-11T18:21:14 EDT" name="tearDown" finished-at="2023-05-11T18:21:14 EDT" duration-ms="81" status="PASS">
          <reporter-output>
          </reporter-output>
        </test-method> <!-- tearDown -->
        <test-method is-config="true" signature="launchApplication()[pri:0, instance:com.section23.Test.ErrorValidationsTest@4f0100a7]" started-at="2023-05-11T18:21:14 EDT" name="launchApplication" finished-at="2023-05-11T18:21:20 EDT" duration-ms="5875" status="PASS">
          <reporter-output>
          </reporter-output>
        </test-method> <!-- launchApplication -->
        <test-method signature="productErrorValidation()[pri:0, instance:com.section23.Test.ErrorValidationsTest@4f0100a7]" started-at="2023-05-11T18:21:20 EDT" name="productErrorValidation" finished-at="2023-05-11T18:21:22 EDT" duration-ms="2058" status="FAIL">
          <exception class="org.openqa.selenium.ElementClickInterceptedException">
            <message>
              <![CDATA[element click intercepted: Element <button _ngcontent-pys-c33="" routerlink="/dashboard/cart" class="btn btn-custom" style="margin-top: -10px;" tabindex="0">...</button> is not clickable at point (1428, 27). Other element would receive the click: <div _ngcontent-pys-c31="" class="ngx-spinner-overlay ng-tns-c31-1 ng-trigger ng-trigger-fadeIn ng-star-inserted" style="background-color: rgba(51, 51, 51, 0.8); z-index: 99999; position: fixed; opacity: 1;">...</div>
  (Session info: chrome=113.0.5672.93)
Build info: version: '4.9.0', revision: 'd7057100a6'
System info: os.name: 'Windows 11', os.arch: 'amd64', os.version: '10.0', java.version: '17.0.5'
Driver info: org.openqa.selenium.chrome.ChromeDriver
Command: [1c00f8f227e03b98a706c614ec118c02, clickElement {id=8C0602A5CF3755BD62A6733936DE7F1A_element_31}]
Capabilities {acceptInsecureCerts: false, browserName: chrome, browserVersion: 113.0.5672.93, chrome: {chromedriverVersion: 113.0.5672.63 (0e1a4471d5ae..., userDataDir: C:\Users\shams\AppData\Loca...}, goog:chromeOptions: {debuggerAddress: localhost:49991}, networkConnectionEnabled: false, pageLoadStrategy: normal, platformName: WINDOWS, proxy: Proxy(), se:cdp: ws://localhost:49991/devtoo..., se:cdpVersion: 113.0.5672.93, setWindowRect: true, strictFileInteractability: false, timeouts: {implicit: 0, pageLoad: 300000, script: 30000}, unhandledPromptBehavior: dismiss and notify, webauthn:extension:credBlob: true, webauthn:extension:largeBlob: true, webauthn:extension:minPinLength: true, webauthn:extension:prf: true, webauthn:virtualAuthenticators: true}
Element: [[ChromeDriver: chrome on WINDOWS (1c00f8f227e03b98a706c614ec118c02)] -> css selector: [routerlink*='cart']]
Session ID: 1c00f8f227e03b98a706c614ec118c02]]>
            </message>
            <full-stacktrace>
              <![CDATA[org.openqa.selenium.ElementClickInterceptedException: element click intercepted: Element <button _ngcontent-pys-c33="" routerlink="/dashboard/cart" class="btn btn-custom" style="margin-top: -10px;" tabindex="0">...</button> is not clickable at point (1428, 27). Other element would receive the click: <div _ngcontent-pys-c31="" class="ngx-spinner-overlay ng-tns-c31-1 ng-trigger ng-trigger-fadeIn ng-star-inserted" style="background-color: rgba(51, 51, 51, 0.8); z-index: 99999; position: fixed; opacity: 1;">...</div>
  (Session info: chrome=113.0.5672.93)
Build info: version: '4.9.0', revision: 'd7057100a6'
System info: os.name: 'Windows 11', os.arch: 'amd64', os.version: '10.0', java.version: '17.0.5'
Driver info: org.openqa.selenium.chrome.ChromeDriver
Command: [1c00f8f227e03b98a706c614ec118c02, clickElement {id=8C0602A5CF3755BD62A6733936DE7F1A_element_31}]
Capabilities {acceptInsecureCerts: false, browserName: chrome, browserVersion: 113.0.5672.93, chrome: {chromedriverVersion: 113.0.5672.63 (0e1a4471d5ae..., userDataDir: C:\Users\shams\AppData\Loca...}, goog:chromeOptions: {debuggerAddress: localhost:49991}, networkConnectionEnabled: false, pageLoadStrategy: normal, platformName: WINDOWS, proxy: Proxy(), se:cdp: ws://localhost:49991/devtoo..., se:cdpVersion: 113.0.5672.93, setWindowRect: true, strictFileInteractability: false, timeouts: {implicit: 0, pageLoad: 300000, script: 30000}, unhandledPromptBehavior: dismiss and notify, webauthn:extension:credBlob: true, webauthn:extension:largeBlob: true, webauthn:extension:minPinLength: true, webauthn:extension:prf: true, webauthn:virtualAuthenticators: true}
Element: [[ChromeDriver: chrome on WINDOWS (1c00f8f227e03b98a706c614ec118c02)] -> css selector: [routerlink*='cart']]
Session ID: 1c00f8f227e03b98a706c614ec118c02
at java.base/jdk.internal.reflect.NativeConstructorAccessorImpl.newInstance0(Native Method)
at java.base/jdk.internal.reflect.NativeConstructorAccessorImpl.newInstance(NativeConstructorAccessorImpl.java:77)
at java.base/jdk.internal.reflect.DelegatingConstructorAccessorImpl.newInstance(DelegatingConstructorAccessorImpl.java:45)
at java.base/java.lang.reflect.Constructor.newInstanceWithCaller(Constructor.java:499)
at java.base/java.lang.reflect.Constructor.newInstance(Constructor.java:480)
at org.openqa.selenium.remote.codec.w3c.W3CHttpResponseCodec.createException(W3CHttpResponseCodec.java:200)
at org.openqa.selenium.remote.codec.w3c.W3CHttpResponseCodec.decode(W3CHttpResponseCodec.java:133)
at org.openqa.selenium.remote.codec.w3c.W3CHttpResponseCodec.decode(W3CHttpResponseCodec.java:53)
at org.openqa.selenium.remote.HttpCommandExecutor.execute(HttpCommandExecutor.java:193)
at org.openqa.selenium.remote.service.DriverCommandExecutor.invokeExecute(DriverCommandExecutor.java:183)
at org.openqa.selenium.remote.service.DriverCommandExecutor.execute(DriverCommandExecutor.java:158)
at org.openqa.selenium.remote.RemoteWebDriver.execute(RemoteWebDriver.java:543)
at org.openqa.selenium.remote.RemoteWebElement.execute(RemoteWebElement.java:257)
at org.openqa.selenium.remote.RemoteWebElement.click(RemoteWebElement.java:78)
at jdk.internal.reflect.GeneratedMethodAccessor2.invoke(Unknown Source)
at java.base/jdk.internal.reflect.DelegatingMethodAccessorImpl.invoke(DelegatingMethodAccessorImpl.java:43)
at java.base/java.lang.reflect.Method.invoke(Method.java:568)
at org.openqa.selenium.support.pagefactory.internal.LocatingElementHandler.invoke(LocatingElementHandler.java:52)
at jdk.proxy2/jdk.proxy2.$Proxy19.click(Unknown Source)
at com.section22.abstractComponents.AbstractComponent1.goToCartPage(AbstractComponent1.java:48)
at com.section23.Test.ErrorValidationsTest.productErrorValidation(ErrorValidationsTest.java:43)
at java.base/jdk.internal.reflect.NativeMethodAccessorImpl.invoke0(Native Method)
at java.base/jdk.internal.reflect.NativeMethodAccessorImpl.invoke(NativeMethodAccessorImpl.java:77)
at java.base/jdk.internal.reflect.DelegatingMethodAccessorImpl.invoke(DelegatingMethodAccessorImpl.java:43)
at java.base/java.lang.reflect.Method.invoke(Method.java:568)
at org.testng.internal.MethodInvocationHelper.invokeMethod(MethodInvocationHelper.java:133)
at org.testng.internal.TestInvoker.invokeMethod(TestInvoker.java:598)
at org.testng.internal.TestInvoker.invokeTestMethod(TestInvoker.java:173)
at org.testng.internal.MethodRunner.runInSequence(MethodRunner.java:46)
at org.testng.internal.TestInvoker$MethodInvocationAgent.invoke(TestInvoker.java:824)
at org.testng.internal.TestInvoker.invokeTestMethods(TestInvoker.java:146)
at org.testng.internal.TestMethodWorker.invokeTestMethods(TestMethodWorker.java:146)
at org.testng.internal.TestMethodWorker.run(TestMethodWorker.java:128)
at java.base/java.util.ArrayList.forEach(ArrayList.java:1511)
at org.testng.TestRunner.privateRun(TestRunner.java:794)
at org.testng.TestRunner.run(TestRunner.java:596)
at org.testng.SuiteRunner.runTest(SuiteRunner.java:377)
at org.testng.SuiteRunner.runSequentially(SuiteRunner.java:371)
at org.testng.SuiteRunner.privateRun(SuiteRunner.java:332)
at org.testng.SuiteRunner.run(SuiteRunner.java:276)
at org.testng.SuiteRunnerWorker.runSuite(SuiteRunnerWorker.java:53)
at org.testng.SuiteRunnerWorker.run(SuiteRunnerWorker.java:96)
at org.testng.TestNG.runSuitesSequentially(TestNG.java:1212)
at org.testng.TestNG.runSuitesLocally(TestNG.java:1134)
at org.testng.TestNG.runSuites(TestNG.java:1063)
at org.testng.TestNG.run(TestNG.java:1031)
at org.testng.remote.AbstractRemoteTestNG.run(AbstractRemoteTestNG.java:115)
at org.testng.remote.RemoteTestNG.initAndRun(RemoteTestNG.java:251)
at org.testng.remote.RemoteTestNG.main(RemoteTestNG.java:77)
]]>
            </full-stacktrace>
          </exception> <!-- org.openqa.selenium.ElementClickInterceptedException -->
          <reporter-output>
          </reporter-output>
        </test-method> <!-- productErrorValidation -->
        <test-method is-config="true" signature="tearDown()[pri:0, instance:com.section23.Test.ErrorValidationsTest@4f0100a7]" started-at="2023-05-11T18:21:22 EDT" name="tearDown" finished-at="2023-05-11T18:21:22 EDT" duration-ms="99" status="PASS">
          <reporter-output>
          </reporter-output>
        </test-method> <!-- tearDown -->
      </class> <!-- com.section23.Test.ErrorValidationsTest -->
      <class name="com.section23.Test.SubmitOrderTest1">
        <test-method is-config="true" signature="launchApplication()[pri:0, instance:com.section23.Test.SubmitOrderTest1@8576fa0]" started-at="2023-05-11T18:19:50 EDT" name="launchApplication" finished-at="2023-05-11T18:19:59 EDT" duration-ms="9249" status="PASS">
          <reporter-output>
          </reporter-output>
        </test-method> <!-- launchApplication -->
        <test-method signature="submitOrder(java.util.HashMap)[pri:0, instance:com.section23.Test.SubmitOrderTest1@8576fa0]" started-at="2023-05-11T18:19:59 EDT" name="submitOrder" data-provider="getData" finished-at="2023-05-11T18:20:16 EDT" duration-ms="17044" status="PASS">
          <params>
            <param index="0">
              <value>
                <![CDATA[{password=Iamking@000, email=rahulshetty@gmail.com, productName=ZARA COAT 3}]]>
              </value>
            </param>
          </params>
          <reporter-output>
          </reporter-output>
        </test-method> <!-- submitOrder -->
        <test-method is-config="true" signature="tearDown()[pri:0, instance:com.section23.Test.SubmitOrderTest1@8576fa0]" started-at="2023-05-11T18:20:16 EDT" name="tearDown" finished-at="2023-05-11T18:20:16 EDT" duration-ms="94" status="PASS">
          <reporter-output>
          </reporter-output>
        </test-method> <!-- tearDown -->
        <test-method is-config="true" signature="launchApplication()[pri:0, instance:com.section23.Test.SubmitOrderTest1@8576fa0]" started-at="2023-05-11T18:20:16 EDT" name="launchApplication" finished-at="2023-05-11T18:20:22 EDT" duration-ms="5489" status="PASS">
          <reporter-output>
          </reporter-output>
        </test-method> <!-- launchApplication -->
        <test-method signature="submitOrder(java.util.HashMap)[pri:0, instance:com.section23.Test.SubmitOrderTest1@8576fa0]" started-at="2023-05-11T18:20:22 EDT" name="submitOrder" data-provider="getData" finished-at="2023-05-11T18:20:38 EDT" duration-ms="15979" status="PASS">
          <params>
            <param index="0">
              <value>
                <![CDATA[{password=Iamking@000, email=shetty@gmail.com, productName=ADIDAS ORIGINAL}]]>
              </value>
            </param>
          </params>
          <reporter-output>
          </reporter-output>
        </test-method> <!-- submitOrder -->
        <test-method is-config="true" signature="tearDown()[pri:0, instance:com.section23.Test.SubmitOrderTest1@8576fa0]" started-at="2023-05-11T18:20:38 EDT" name="tearDown" finished-at="2023-05-11T18:20:38 EDT" duration-ms="83" status="PASS">
          <reporter-output>
          </reporter-output>
        </test-method> <!-- tearDown -->
        <test-method is-config="true" signature="launchApplication()[pri:0, instance:com.section23.Test.SubmitOrderTest1@8576fa0]" started-at="2023-05-11T18:20:38 EDT" name="launchApplication" finished-at="2023-05-11T18:20:45 EDT" duration-ms="6816" status="PASS">
          <reporter-output>
          </reporter-output>
        </test-method> <!-- launchApplication -->
        <test-method signature="submitOrder(java.util.HashMap)[pri:0, instance:com.section23.Test.SubmitOrderTest1@8576fa0]" started-at="2023-05-11T18:20:45 EDT" name="submitOrder" data-provider="getData" finished-at="2023-05-11T18:21:02 EDT" duration-ms="16984" status="PASS">
          <params>
            <param index="0">
              <value>
                <![CDATA[{password=Maven_001, email=piit@gmail.com, productName=ZARA COAT 3}]]>
              </value>
            </param>
          </params>
          <reporter-output>
          </reporter-output>
        </test-method> <!-- submitOrder -->
        <test-method is-config="true" signature="tearDown()[pri:0, instance:com.section23.Test.SubmitOrderTest1@8576fa0]" started-at="2023-05-11T18:21:02 EDT" name="tearDown" finished-at="2023-05-11T18:21:02 EDT" duration-ms="84" status="PASS">
          <reporter-output>
          </reporter-output>
        </test-method> <!-- tearDown -->
        <test-method is-config="true" signature="launchApplication()[pri:0, instance:com.section23.Test.SubmitOrderTest1@8576fa0]" started-at="2023-05-11T18:21:02 EDT" name="launchApplication" finished-at="2023-05-11T18:21:07 EDT" duration-ms="4648" status="PASS">
          <reporter-output>
          </reporter-output>
        </test-method> <!-- launchApplication -->
        <test-method signature="orderHistoryTest()[pri:0, instance:com.section23.Test.SubmitOrderTest1@8576fa0]" started-at="2023-05-11T18:21:07 EDT" name="orderHistoryTest" finished-at="2023-05-11T18:21:08 EDT" depends-on-methods="com.section23.Test.SubmitOrderTest1.submitOrder" duration-ms="1024" status="PASS">
          <reporter-output>
          </reporter-output>
        </test-method> <!-- orderHistoryTest -->
        <test-method is-config="true" signature="tearDown()[pri:0, instance:com.section23.Test.SubmitOrderTest1@8576fa0]" started-at="2023-05-11T18:21:08 EDT" name="tearDown" finished-at="2023-05-11T18:21:08 EDT" duration-ms="36" status="PASS">
          <reporter-output>
          </reporter-output>
        </test-method> <!-- tearDown -->
      </class> <!-- com.section23.Test.SubmitOrderTest1 -->
    </test> <!-- Test -->
  </suite> <!-- Suite -->
</testng-results>
